Determining if the pthread_create exist failed with the following output:
Change Dir: /home/jun/Github/Master-Thesis/Task3-TensorRT-Engine-with-Zed-2/yolov5/zed-yolov5/build/CMakeFiles/CMakeTmp

Run Build Command:"/usr/bin/make" "cmTC_0e98a/fast"
/usr/bin/make -f CMakeFiles/cmTC_0e98a.dir/build.make CMakeFiles/cmTC_0e98a.dir/build
make[1]: Entering directory '/home/jun/Github/Master-Thesis/Task3-TensorRT-Engine-with-Zed-2/yolov5/zed-yolov5/build/CMakeFiles/CMakeTmp'
Building C object CMakeFiles/cmTC_0e98a.dir/CheckSymbolExists.c.o
/usr/bin/cc   -fPIC    -o CMakeFiles/cmTC_0e98a.dir/CheckSymbolExists.c.o   -c /home/jun/Github/Master-Thesis/Task3-TensorRT-Engine-with-Zed-2/yolov5/zed-yolov5/build/CMakeFiles/CMakeTmp/CheckSymbolExists.c
Linking C executable cmTC_0e98a
/usr/bin/cmake -E cmake_link_script CMakeFiles/cmTC_0e98a.dir/link.txt --verbose=1
/usr/bin/cc -fPIC     -rdynamic CMakeFiles/cmTC_0e98a.dir/CheckSymbolExists.c.o  -o cmTC_0e98a 
CMakeFiles/cmTC_0e98a.dir/CheckSymbolExists.c.o: In function `main':
CheckSymbolExists.c:(.text+0x14): undefined reference to `pthread_create'
CheckSymbolExists.c:(.text+0x18): undefined reference to `pthread_create'
collect2: error: ld returned 1 exit status
CMakeFiles/cmTC_0e98a.dir/build.make:97: recipe for target 'cmTC_0e98a' failed
make[1]: *** [cmTC_0e98a] Error 1
make[1]: Leaving directory '/home/jun/Github/Master-Thesis/Task3-TensorRT-Engine-with-Zed-2/yolov5/zed-yolov5/build/CMakeFiles/CMakeTmp'
Makefile:126: recipe for target 'cmTC_0e98a/fast' failed
make: *** [cmTC_0e98a/fast] Error 2

File /home/jun/Github/Master-Thesis/Task3-TensorRT-Engine-with-Zed-2/yolov5/zed-yolov5/build/CMakeFiles/CMakeTmp/CheckSymbolExists.c:
/* */
#include <pthread.h>

int main(int argc, char** argv)
{
  (void)argv;
#ifndef pthread_create
  return ((int*)(&pthread_create))[argc];
#else
  (void)argc;
  return 0;
#endif
}

Determining if the function pthread_create exists in the pthreads failed with the following output:
Change Dir: /home/jun/Github/Master-Thesis/Task3-TensorRT-Engine-with-Zed-2/yolov5/zed-yolov5/build/CMakeFiles/CMakeTmp

Run Build Command:"/usr/bin/make" "cmTC_25471/fast"
/usr/bin/make -f CMakeFiles/cmTC_25471.dir/build.make CMakeFiles/cmTC_25471.dir/build
make[1]: Entering directory '/home/jun/Github/Master-Thesis/Task3-TensorRT-Engine-with-Zed-2/yolov5/zed-yolov5/build/CMakeFiles/CMakeTmp'
Building C object CMakeFiles/cmTC_25471.dir/CheckFunctionExists.c.o
/usr/bin/cc   -fPIC -DCHECK_FUNCTION_EXISTS=pthread_create   -o CMakeFiles/cmTC_25471.dir/CheckFunctionExists.c.o   -c /usr/share/cmake-3.10/Modules/CheckFunctionExists.c
Linking C executable cmTC_25471
/usr/bin/cmake -E cmake_link_script CMakeFiles/cmTC_25471.dir/link.txt --verbose=1
/usr/bin/cc -fPIC -DCHECK_FUNCTION_EXISTS=pthread_create    -rdynamic CMakeFiles/cmTC_25471.dir/CheckFunctionExists.c.o  -o cmTC_25471 -lpthreads 
/usr/bin/ld: cannot find -lpthreads
collect2: error: ld returned 1 exit status
CMakeFiles/cmTC_25471.dir/build.make:97: recipe for target 'cmTC_25471' failed
make[1]: *** [cmTC_25471] Error 1
make[1]: Leaving directory '/home/jun/Github/Master-Thesis/Task3-TensorRT-Engine-with-Zed-2/yolov5/zed-yolov5/build/CMakeFiles/CMakeTmp'
Makefile:126: recipe for target 'cmTC_25471/fast' failed
make: *** [cmTC_25471/fast] Error 2


