Determining if the pthread_create exist failed with the following output:
Change Dir: /home/jun/Github/Master-Thesis/Task4-Counting-Dragon-Fruit/zed-custom-box/build/CMakeFiles/CMakeTmp

Run Build Command:"/usr/bin/make" "cmTC_2429b/fast"
/usr/bin/make -f CMakeFiles/cmTC_2429b.dir/build.make CMakeFiles/cmTC_2429b.dir/build
make[1]: Entering directory '/home/jun/Github/Master-Thesis/Task4-Counting-Dragon-Fruit/zed-custom-box/build/CMakeFiles/CMakeTmp'
Building C object CMakeFiles/cmTC_2429b.dir/CheckSymbolExists.c.o
/usr/bin/cc    -o CMakeFiles/cmTC_2429b.dir/CheckSymbolExists.c.o   -c /home/jun/Github/Master-Thesis/Task4-Counting-Dragon-Fruit/zed-custom-box/build/CMakeFiles/CMakeTmp/CheckSymbolExists.c
Linking C executable cmTC_2429b
/usr/bin/cmake -E cmake_link_script CMakeFiles/cmTC_2429b.dir/link.txt --verbose=1
/usr/bin/cc      -rdynamic CMakeFiles/cmTC_2429b.dir/CheckSymbolExists.c.o  -o cmTC_2429b 
CMakeFiles/cmTC_2429b.dir/CheckSymbolExists.c.o: In function `main':
CheckSymbolExists.c:(.text+0x14): undefined reference to `pthread_create'
CheckSymbolExists.c:(.text+0x18): undefined reference to `pthread_create'
collect2: error: ld returned 1 exit status
CMakeFiles/cmTC_2429b.dir/build.make:97: recipe for target 'cmTC_2429b' failed
make[1]: *** [cmTC_2429b] Error 1
make[1]: Leaving directory '/home/jun/Github/Master-Thesis/Task4-Counting-Dragon-Fruit/zed-custom-box/build/CMakeFiles/CMakeTmp'
Makefile:126: recipe for target 'cmTC_2429b/fast' failed
make: *** [cmTC_2429b/fast] Error 2

File /home/jun/Github/Master-Thesis/Task4-Counting-Dragon-Fruit/zed-custom-box/build/CMakeFiles/CMakeTmp/CheckSymbolExists.c:
/* */
#include <pthread.h>

int main(int argc, char** argv)
{
  (void)argv;
#ifndef pthread_create
  return ((int*)(&pthread_create))[argc];
#else
  (void)argc;
  return 0;
#endif
}

Determining if the function pthread_create exists in the pthreads failed with the following output:
Change Dir: /home/jun/Github/Master-Thesis/Task4-Counting-Dragon-Fruit/zed-custom-box/build/CMakeFiles/CMakeTmp

Run Build Command:"/usr/bin/make" "cmTC_d7862/fast"
/usr/bin/make -f CMakeFiles/cmTC_d7862.dir/build.make CMakeFiles/cmTC_d7862.dir/build
make[1]: Entering directory '/home/jun/Github/Master-Thesis/Task4-Counting-Dragon-Fruit/zed-custom-box/build/CMakeFiles/CMakeTmp'
Building C object CMakeFiles/cmTC_d7862.dir/CheckFunctionExists.c.o
/usr/bin/cc   -DCHECK_FUNCTION_EXISTS=pthread_create   -o CMakeFiles/cmTC_d7862.dir/CheckFunctionExists.c.o   -c /usr/share/cmake-3.10/Modules/CheckFunctionExists.c
Linking C executable cmTC_d7862
/usr/bin/cmake -E cmake_link_script CMakeFiles/cmTC_d7862.dir/link.txt --verbose=1
/usr/bin/cc  -DCHECK_FUNCTION_EXISTS=pthread_create    -rdynamic CMakeFiles/cmTC_d7862.dir/CheckFunctionExists.c.o  -o cmTC_d7862 -lpthreads 
/usr/bin/ld: cannot find -lpthreads
collect2: error: ld returned 1 exit status
CMakeFiles/cmTC_d7862.dir/build.make:97: recipe for target 'cmTC_d7862' failed
make[1]: *** [cmTC_d7862] Error 1
make[1]: Leaving directory '/home/jun/Github/Master-Thesis/Task4-Counting-Dragon-Fruit/zed-custom-box/build/CMakeFiles/CMakeTmp'
Makefile:126: recipe for target 'cmTC_d7862/fast' failed
make: *** [cmTC_d7862/fast] Error 2


