Determining if the pthread_create exist failed with the following output:
Change Dir: /home/jun/Github/Master-Thesis/Task3-TensorRT-Engine-with-Zed-2/yolov5/yolov5-tensorrt/build/CMakeFiles/CMakeTmp

Run Build Command:"/usr/bin/make" "cmTC_75753/fast"
/usr/bin/make -f CMakeFiles/cmTC_75753.dir/build.make CMakeFiles/cmTC_75753.dir/build
make[1]: Entering directory '/home/jun/Github/Master-Thesis/Task3-TensorRT-Engine-with-Zed-2/yolov5/yolov5-tensorrt/build/CMakeFiles/CMakeTmp'
Building C object CMakeFiles/cmTC_75753.dir/CheckSymbolExists.c.o
/usr/bin/cc   -fPIC    -o CMakeFiles/cmTC_75753.dir/CheckSymbolExists.c.o   -c /home/jun/Github/Master-Thesis/Task3-TensorRT-Engine-with-Zed-2/yolov5/yolov5-tensorrt/build/CMakeFiles/CMakeTmp/CheckSymbolExists.c
Linking C executable cmTC_75753
/usr/bin/cmake -E cmake_link_script CMakeFiles/cmTC_75753.dir/link.txt --verbose=1
/usr/bin/cc -fPIC     -rdynamic CMakeFiles/cmTC_75753.dir/CheckSymbolExists.c.o  -o cmTC_75753 
CMakeFiles/cmTC_75753.dir/CheckSymbolExists.c.o: In function `main':
CheckSymbolExists.c:(.text+0x14): undefined reference to `pthread_create'
CheckSymbolExists.c:(.text+0x18): undefined reference to `pthread_create'
collect2: error: ld returned 1 exit status
CMakeFiles/cmTC_75753.dir/build.make:97: recipe for target 'cmTC_75753' failed
make[1]: *** [cmTC_75753] Error 1
make[1]: Leaving directory '/home/jun/Github/Master-Thesis/Task3-TensorRT-Engine-with-Zed-2/yolov5/yolov5-tensorrt/build/CMakeFiles/CMakeTmp'
Makefile:126: recipe for target 'cmTC_75753/fast' failed
make: *** [cmTC_75753/fast] Error 2

File /home/jun/Github/Master-Thesis/Task3-TensorRT-Engine-with-Zed-2/yolov5/yolov5-tensorrt/build/CMakeFiles/CMakeTmp/CheckSymbolExists.c:
/* */
#include <pthread.h>

int main(int argc, char** argv)
{
  (void)argv;
#ifndef pthread_create
  return ((int*)(&pthread_create))[argc];
#else
  (void)argc;
  return 0;
#endif
}

Determining if the function pthread_create exists in the pthreads failed with the following output:
Change Dir: /home/jun/Github/Master-Thesis/Task3-TensorRT-Engine-with-Zed-2/yolov5/yolov5-tensorrt/build/CMakeFiles/CMakeTmp

Run Build Command:"/usr/bin/make" "cmTC_bd996/fast"
/usr/bin/make -f CMakeFiles/cmTC_bd996.dir/build.make CMakeFiles/cmTC_bd996.dir/build
make[1]: Entering directory '/home/jun/Github/Master-Thesis/Task3-TensorRT-Engine-with-Zed-2/yolov5/yolov5-tensorrt/build/CMakeFiles/CMakeTmp'
Building C object CMakeFiles/cmTC_bd996.dir/CheckFunctionExists.c.o
/usr/bin/cc   -fPIC -DCHECK_FUNCTION_EXISTS=pthread_create   -o CMakeFiles/cmTC_bd996.dir/CheckFunctionExists.c.o   -c /usr/share/cmake-3.10/Modules/CheckFunctionExists.c
Linking C executable cmTC_bd996
/usr/bin/cmake -E cmake_link_script CMakeFiles/cmTC_bd996.dir/link.txt --verbose=1
/usr/bin/cc -fPIC -DCHECK_FUNCTION_EXISTS=pthread_create    -rdynamic CMakeFiles/cmTC_bd996.dir/CheckFunctionExists.c.o  -o cmTC_bd996 -lpthreads 
/usr/bin/ld: cannot find -lpthreads
collect2: error: ld returned 1 exit status
CMakeFiles/cmTC_bd996.dir/build.make:97: recipe for target 'cmTC_bd996' failed
make[1]: *** [cmTC_bd996] Error 1
make[1]: Leaving directory '/home/jun/Github/Master-Thesis/Task3-TensorRT-Engine-with-Zed-2/yolov5/yolov5-tensorrt/build/CMakeFiles/CMakeTmp'
Makefile:126: recipe for target 'cmTC_bd996/fast' failed
make: *** [cmTC_bd996/fast] Error 2


