Determining if the pthread_create exist failed with the following output:
Change Dir: /home/jun/Github/FruitCountingEngine/Engine/build/CMakeFiles/CMakeTmp

Run Build Command:"/usr/bin/make" "cmTC_c7e62/fast"
/usr/bin/make -f CMakeFiles/cmTC_c7e62.dir/build.make CMakeFiles/cmTC_c7e62.dir/build
make[1]: Entering directory '/home/jun/Github/FruitCountingEngine/Engine/build/CMakeFiles/CMakeTmp'
Building C object CMakeFiles/cmTC_c7e62.dir/CheckSymbolExists.c.o
/usr/bin/cc    -o CMakeFiles/cmTC_c7e62.dir/CheckSymbolExists.c.o   -c /home/jun/Github/FruitCountingEngine/Engine/build/CMakeFiles/CMakeTmp/CheckSymbolExists.c
Linking C executable cmTC_c7e62
/usr/bin/cmake -E cmake_link_script CMakeFiles/cmTC_c7e62.dir/link.txt --verbose=1
/usr/bin/cc      -rdynamic CMakeFiles/cmTC_c7e62.dir/CheckSymbolExists.c.o  -o cmTC_c7e62 
CMakeFiles/cmTC_c7e62.dir/CheckSymbolExists.c.o: In function `main':
CheckSymbolExists.c:(.text+0x14): undefined reference to `pthread_create'
CheckSymbolExists.c:(.text+0x18): undefined reference to `pthread_create'
collect2: error: ld returned 1 exit status
CMakeFiles/cmTC_c7e62.dir/build.make:97: recipe for target 'cmTC_c7e62' failed
make[1]: *** [cmTC_c7e62] Error 1
make[1]: Leaving directory '/home/jun/Github/FruitCountingEngine/Engine/build/CMakeFiles/CMakeTmp'
Makefile:126: recipe for target 'cmTC_c7e62/fast' failed
make: *** [cmTC_c7e62/fast] Error 2

File /home/jun/Github/FruitCountingEngine/Engine/build/CMakeFiles/CMakeTmp/CheckSymbolExists.c:
/* */
#include <pthread.h>

int main(int argc, char** argv)
{
  (void)argv;
#ifndef pthread_create
  return ((int*)(&pthread_create))[argc];
#else
  (void)argc;
  return 0;
#endif
}

Determining if the function pthread_create exists in the pthreads failed with the following output:
Change Dir: /home/jun/Github/FruitCountingEngine/Engine/build/CMakeFiles/CMakeTmp

Run Build Command:"/usr/bin/make" "cmTC_0bb31/fast"
/usr/bin/make -f CMakeFiles/cmTC_0bb31.dir/build.make CMakeFiles/cmTC_0bb31.dir/build
make[1]: Entering directory '/home/jun/Github/FruitCountingEngine/Engine/build/CMakeFiles/CMakeTmp'
Building C object CMakeFiles/cmTC_0bb31.dir/CheckFunctionExists.c.o
/usr/bin/cc   -DCHECK_FUNCTION_EXISTS=pthread_create   -o CMakeFiles/cmTC_0bb31.dir/CheckFunctionExists.c.o   -c /usr/share/cmake-3.10/Modules/CheckFunctionExists.c
Linking C executable cmTC_0bb31
/usr/bin/cmake -E cmake_link_script CMakeFiles/cmTC_0bb31.dir/link.txt --verbose=1
/usr/bin/cc  -DCHECK_FUNCTION_EXISTS=pthread_create    -rdynamic CMakeFiles/cmTC_0bb31.dir/CheckFunctionExists.c.o  -o cmTC_0bb31 -lpthreads 
/usr/bin/ld: cannot find -lpthreads
collect2: error: ld returned 1 exit status
CMakeFiles/cmTC_0bb31.dir/build.make:97: recipe for target 'cmTC_0bb31' failed
make[1]: *** [cmTC_0bb31] Error 1
make[1]: Leaving directory '/home/jun/Github/FruitCountingEngine/Engine/build/CMakeFiles/CMakeTmp'
Makefile:126: recipe for target 'cmTC_0bb31/fast' failed
make: *** [cmTC_0bb31/fast] Error 2


Determining if the include file opencv2/bgsegm.hpp exists failed with the following output:
Change Dir: /home/jun/Github/FruitCountingEngine/Engine/build/CMakeFiles/CMakeTmp

Run Build Command:"/usr/bin/make" "cmTC_57e44/fast"
/usr/bin/make -f CMakeFiles/cmTC_57e44.dir/build.make CMakeFiles/cmTC_57e44.dir/build
make[1]: Entering directory '/home/jun/Github/FruitCountingEngine/Engine/build/CMakeFiles/CMakeTmp'
Building CXX object CMakeFiles/cmTC_57e44.dir/CheckIncludeFile.cxx.o
/usr/bin/c++    -Wall -Wextra -pthread    -o CMakeFiles/cmTC_57e44.dir/CheckIncludeFile.cxx.o -c /home/jun/Github/FruitCountingEngine/Engine/build/CMakeFiles/CMakeTmp/CheckIncludeFile.cxx
/home/jun/Github/FruitCountingEngine/Engine/build/CMakeFiles/CMakeTmp/CheckIncludeFile.cxx:1:10: fatal error: opencv2/bgsegm.hpp: No such file or directory
 #include <opencv2/bgsegm.hpp>
          ^~~~~~~~~~~~~~~~~~~~
compilation terminated.
CMakeFiles/cmTC_57e44.dir/build.make:65: recipe for target 'CMakeFiles/cmTC_57e44.dir/CheckIncludeFile.cxx.o' failed
make[1]: *** [CMakeFiles/cmTC_57e44.dir/CheckIncludeFile.cxx.o] Error 1
make[1]: Leaving directory '/home/jun/Github/FruitCountingEngine/Engine/build/CMakeFiles/CMakeTmp'
Makefile:126: recipe for target 'cmTC_57e44/fast' failed
make: *** [cmTC_57e44/fast] Error 2


